<?xml version="1.0" encoding="UTF-8"?>
<testsuite xmlns:xsi="http://www.w3.org/2001/XMLSchema-instance" xsi:noNamespaceSchemaLocation="https://maven.apache.org/surefire/maven-surefire-plugin/xsd/surefire-test-report.xsd" name="CalculadoraTest" time="0.046" tests="10" errors="0" skipped="0" failures="0">
  <properties>
[...]
</properties>
  <testcase name="testDiv" classname="CalculadoraTest" time="0.031"/>
  <testcase name="testRes" classname="CalculadoraTest" time="0"/>
  <testcase name="testSum" classname="CalculadoraTest" time="0"/>
  <testcase name="testMult" classname="CalculadoraTest" time="0"/>
  <testcase name="testRaiz" classname="CalculadoraTest" time="0"/>
  <testcase name="testPromedio" classname="CalculadoraTest" time="0.001"/>
  <testcase name="testContarIgual" classname="CalculadoraTest" time="0.001"/>
  <testcase name="testEliminarRepetidos" classname="CalculadoraTest" time="0.002"/>
  <testcase name="testMultiplicarLista" classname="CalculadoraTest" time="0.001"/>
  <testcase name="testSumatoria" classname="CalculadoraTest" time="0.001"/>
</testsuite>